<?xml version="1.0" encoding="UTF-8"?>
<!-- Generated by org.testng.reporters.JUnitReportReporter -->
<testsuite skipped="0" hostname="LAPTOP-H2QSPOA2" name="demo.GitDemo1" tests="1" failures="0" timestamp="10 Mar 2022 09:59:59 GMT" time="0.016" errors="0">
  <testcase name="gitdemo1" time="0.016" classname="demo.GitDemo1"/>
</testsuite> <!-- demo.GitDemo1 -->
